[01:54:10]: Embedded application cluster at localhost:7070
[01:55:29]: HTTP server proxy started listening on :7070
[01:55:29]: Embedded application cluster at localhost:7070
[01:56:34]: true
[01:56:34]: Embedded application cluster at localhost:7070
[01:56:52]: HTTP server proxy started listening on :7070
[01:56:52]: Embedded application cluster at localhost:7070
[01:57:30]: true
[01:57:30]: Embedded application cluster at localhost:7070
[01:58:02]: true
[01:58:02]: Embedded application cluster at localhost:7070
[01:59:24]: Embedded application cluster at localhost:7070
[02:01:12]: Embedded application cluster at localhost:7070
[12:13:32]: 21432
[12:14:42]: Embedded application cluster at localhost:7070
[12:14:48]: 21432
[12:18:36]: HTTP server proxy started listening on :7070
[12:18:36]: 21432
[12:18:58]: Hostname already in use on proxy localhost:7070
[12:19:07]: 21432
[12:19:07]: Embedded application cluster at adw:7070
[12:39:49]: HTTP server proxy started listening on :7070
[12:39:54]: Embedded application cluster at localhost:7070
[12:39:55]: Hostname already in use on proxy localhost:7070
[12:42:40]: HTTP server proxy started listening on :7070
[12:43:05]: No server proxy listening on :7070
[12:43:09]: HTTP server proxy started listening on :7070
[12:43:24]: No server proxy listening on :7070
[12:43:25]: HTTP server proxy started listening on :7070
